<?xml version="1.0" encoding="UTF-8"?>
<testsuite xmlns:xsi="http://www.w3.org/2001/XMLSchema-instance" xsi:noNamespaceSchemaLocation="https://maven.apache.org/surefire/maven-surefire-plugin/xsd/surefire-test-report-3.0.xsd" version="3.0" name="ifba.servicos.ServicosApplicationTests" time="6.684" tests="1" errors="0" skipped="0" failures="0">
  <properties>
[...]
</properties>
  <testcase name="contextLoads" classname="ifba.servicos.ServicosApplicationTests" time="0.788">
    <system-out><![CDATA[23:38:06.959 [main] INFO org.springframework.test.context.support.AnnotationConfigContextLoaderUtils -- Could not detect default configuration classes for test class [ifba.servicos.ServicosApplicationTests]: ServicosApplicationTests does not declare any static, non-private, non-final, nested classes annotated with @Configuration.
23:38:07.121 [main] INFO org.springframework.boot.test.context.SpringBootTestContextBootstrapper -- Found @SpringBootConfiguration ifba.servicos.ServicosApplication for test class ifba.servicos.ServicosApplicationTests
23:38:07.401 [main] INFO org.springframework.boot.devtools.restart.RestartApplicationListener -- Restart disabled due to context in which it is running

  .   ____          _            __ _ _
 /\\ / ___'_ __ _ _(_)_ __  __ _ \ \ \ \
( ( )\___ | '_ | '_| | '_ \/ _` | \ \ \ \
 \\/  ___)| |_)| | | | | || (_| |  ) ) ) )
  '  |____| .__|_| |_|_| |_\__, | / / / /
 =========|_|==============|___/=/_/_/_/
 :: Spring Boot ::                (v3.2.4)

2024-07-09T23:38:07.798-03:00  INFO 16156 --- [servicos] [           main] ifba.servicos.ServicosApplicationTests   : Starting ServicosApplicationTests using Java 17.0.6 with PID 16156 (started by João Paes in C:\Users\João Paes\Documents\Eclipse - Java\servicos)
2024-07-09T23:38:07.801-03:00  INFO 16156 --- [servicos] [           main] ifba.servicos.ServicosApplicationTests   : No active profile set, falling back to 1 default profile: "default"
2024-07-09T23:38:08.728-03:00  INFO 16156 --- [servicos] [           main] .s.d.r.c.RepositoryConfigurationDelegate : Bootstrapping Spring Data JPA repositories in DEFAULT mode.
2024-07-09T23:38:08.822-03:00  INFO 16156 --- [servicos] [           main] .s.d.r.c.RepositoryConfigurationDelegate : Finished Spring Data repository scanning in 85 ms. Found 1 JPA repository interface.
2024-07-09T23:38:09.440-03:00  INFO 16156 --- [servicos] [           main] o.hibernate.jpa.internal.util.LogHelper  : HHH000204: Processing PersistenceUnitInfo [name: default]
2024-07-09T23:38:09.510-03:00  INFO 16156 --- [servicos] [           main] org.hibernate.Version                    : HHH000412: Hibernate ORM core version 6.4.4.Final
2024-07-09T23:38:09.548-03:00  INFO 16156 --- [servicos] [           main] o.h.c.internal.RegionFactoryInitiator    : HHH000026: Second-level cache disabled
2024-07-09T23:38:09.868-03:00  INFO 16156 --- [servicos] [           main] o.s.o.j.p.SpringPersistenceUnitInfo      : No LoadTimeWeaver setup: ignoring JPA class transformer
2024-07-09T23:38:09.895-03:00  INFO 16156 --- [servicos] [           main] com.zaxxer.hikari.HikariDataSource       : HikariPool-1 - Starting...
2024-07-09T23:38:10.130-03:00  INFO 16156 --- [servicos] [           main] com.zaxxer.hikari.pool.HikariPool        : HikariPool-1 - Added connection conn0: url=jdbc:h2:mem:servico user=SA
2024-07-09T23:38:10.132-03:00  INFO 16156 --- [servicos] [           main] com.zaxxer.hikari.HikariDataSource       : HikariPool-1 - Start completed.
2024-07-09T23:38:10.165-03:00  WARN 16156 --- [servicos] [           main] org.hibernate.orm.deprecation            : HHH90000025: H2Dialect does not need to be specified explicitly using 'hibernate.dialect' (remove the property setting and it will be selected by default)
2024-07-09T23:38:11.273-03:00  INFO 16156 --- [servicos] [           main] o.h.e.t.j.p.i.JtaPlatformInitiator       : HHH000489: No JTA platform available (set 'hibernate.transaction.jta.platform' to enable JTA platform integration)
2024-07-09T23:38:11.333-03:00  INFO 16156 --- [servicos] [           main] j.LocalContainerEntityManagerFactoryBean : Initialized JPA EntityManagerFactory for persistence unit 'default'
2024-07-09T23:38:12.003-03:00  WARN 16156 --- [servicos] [           main] JpaBaseConfiguration$JpaWebConfiguration : spring.jpa.open-in-view is enabled by default. Therefore, database queries may be performed during view rendering. Explicitly configure spring.jpa.open-in-view to disable this warning
2024-07-09T23:38:12.470-03:00  INFO 16156 --- [servicos] [           main] o.s.b.a.h2.H2ConsoleAutoConfiguration    : H2 console available at '/h2-console'. Database available at 'jdbc:h2:mem:servico'
2024-07-09T23:38:12.566-03:00  INFO 16156 --- [servicos] [           main] ifba.servicos.ServicosApplicationTests   : Started ServicosApplicationTests in 5.196 seconds (process running for 6.727)
]]></system-out>
  </testcase>
</testsuite>